<?xml version="1.0" encoding="UTF-8"?>
<Site BuildName="(empty)"
	BuildStamp="20250321-1936-Experimental"
	Name="(empty)"
	Generator="ctest-4.0.0-rc4"
	CompilerName=""
	CompilerVersion=""
	OSName="Windows"
	Hostname="halfy"
	OSRelease=" Personal"
	OSVersion=" (Build 26100)"
	OSPlatform="AMD64"
	Is64Bits="1"
	VendorString="AuthenticAMD"
	VendorID="Advanced Micro Devices"
	FamilyID="15"
	ModelID="1"
	ModelName="AMD Ryzen 7 5800X 8-Core Processor             "
	ProcessorCacheSize="64"
	NumberOfLogicalCPU="16"
	NumberOfPhysicalCPU="8"
	TotalVirtualMemory="21945"
	TotalPhysicalMemory="16313"
	LogicalProcessorsPerPhysical="2"
	ProcessorClockFrequency="3799"
	>
	<Testing>
		<StartDateTime>Apr 01 08:55 RTZ 2 ([NON-UTF-8-BYTE-0xE7][NON-UTF-8-BYTE-0xE8][NON-UTF-8-BYTE-0xEC][NON-UTF-8-BYTE-0xE0])</StartDateTime>
		<StartTestTime>1743486934</StartTestTime>
		<TestList/>
		<EndDateTime>Apr 01 08:55 RTZ 2 ([NON-UTF-8-BYTE-0xE7][NON-UTF-8-BYTE-0xE8][NON-UTF-8-BYTE-0xEC][NON-UTF-8-BYTE-0xE0])</EndDateTime>
		<EndTestTime>1743486934</EndTestTime>
		<ElapsedMinutes>0</ElapsedMinutes>
	</Testing>
</Site>
